<?xml version="1.0" encoding="UTF-8"?>
<testng-results ignored="0" total="1" passed="1" failed="0" skipped="0">
  <reporter-output>
  </reporter-output>
  <suite started-at="2023-12-13T19:36:45 IST" name="Default suite" finished-at="2023-12-13T19:37:15 IST" duration-ms="30440">
    <groups>
    </groups>
    <test started-at="2023-12-13T19:36:45 IST" name="Default test" finished-at="2023-12-13T19:37:15 IST" duration-ms="30440">
      <class name="newpkg.MyntraTest">
        <test-method is-config="true" signature="setup()[pri:0, instance:newpkg.MyntraTest@290222c1]" started-at="2023-12-13T19:36:45 IST" name="setup" finished-at="2023-12-13T19:36:53 IST" duration-ms="7606" status="PASS">
          <reporter-output>
          </reporter-output>
        </test-method> <!-- setup -->
        <test-method signature="testMyntra()[pri:0, instance:newpkg.MyntraTest@290222c1]" started-at="2023-12-13T19:36:53 IST" name="testMyntra" finished-at="2023-12-13T19:37:15 IST" duration-ms="22777" status="PASS">
          <reporter-output>
          </reporter-output>
        </test-method> <!-- testMyntra -->
      </class> <!-- newpkg.MyntraTest -->
    </test> <!-- Default test -->
  </suite> <!-- Default suite -->
</testng-results>
